<?xml version="1.0" encoding="UTF-8"?>
<!-- Generated by org.testng.reporters.JUnitXMLReporter -->
<testsuite ignored="2" hostname="DESKTOP-308S6E0" failures="0" tests="0" time="0.02" errors="0" timestamp="2024-02-26T20:02:56 IST">
  <testcase classname="SupriyaReddy.Tests.ErrorValidationsTest" name="ProductErrorValidations" time="0.0">
    <ignored/>
  </testcase> <!-- ProductErrorValidations -->
  <testcase classname="SupriyaReddy.Tests.ErrorValidationsTest" name="LoginErrorValidations" time="0.0">
    <ignored/>
  </testcase> <!-- LoginErrorValidations -->
</testsuite>
