<?xml version="1.0" encoding="UTF-8"?>
<!-- Generated by org.testng.reporters.JUnitXMLReporter -->
<testsuite ignored="1" hostname="DESKTOP-308S6E0" failures="0" tests="2" name="Submit Order Test" time="11.859" errors="0" timestamp="2024-02-26T20:03:08 IST">
  <testcase classname="SupriyaReddy.Tests.SubmitOrderTest" name="submitOrder" time="3.342"/>
  <testcase classname="SupriyaReddy.Tests.SubmitOrderTest" name="submitOrder" time="2.915"/>
  <testcase classname="SupriyaReddy.Tests.SubmitOrderTest" name="OrderHistoryTest" time="0.0">
    <ignored/>
  </testcase> <!-- OrderHistoryTest -->
</testsuite> <!-- Submit Order Test -->
