<?xml version="1.0" encoding="UTF-8"?>
<!-- Generated by org.testng.reporters.JUnitXMLReporter -->
<testsuite ignored="0" hostname="DESKTOP-308S6E0" failures="0" tests="2" name="Error Validations Test" time="18.614" errors="0" timestamp="2024-02-25T00:14:24 IST">
  <testcase classname="SupriyaReddy.Tests.ErrorValidationsTest" name="LoginErrorValidations" time="1.144"/>
  <testcase classname="SupriyaReddy.Tests.ErrorValidationsTest" name="ProductErrorValidations" time="2.894"/>
</testsuite> <!-- Error Validations Test -->
