<?xml version="1.0" encoding="UTF-8"?>
<!-- Generated by org.testng.reporters.JUnitXMLReporter -->
<testsuite ignored="0" hostname="DESKTOP-308S6E0" failures="0" tests="3" name="Submit Order Test" time="21.195" errors="0" timestamp="2024-02-25T00:14:26 IST">
  <testcase classname="SupriyaReddy.Tests.SubmitOrderTest" name="submitOrder" time="3.257"/>
  <testcase classname="SupriyaReddy.Tests.SubmitOrderTest" name="submitOrder" time="3.309"/>
  <testcase classname="SupriyaReddy.Tests.SubmitOrderTest" name="OrderHistoryTest" time="0.702"/>
</testsuite> <!-- Submit Order Test -->
