<?xml version="1.0" encoding="UTF-8"?>
<testng-results ignored="0" total="1" passed="1" failed="0" skipped="0">
  <reporter-output>
  </reporter-output>
  <suite started-at="2024-02-27T22:31:30 IST" name="Default suite" finished-at="2024-02-27T22:31:39 IST" duration-ms="8231">
    <groups>
      <group name="cucumber">
        <method signature="AbstractTestNGCucumberTests.runScenario(io.cucumber.testng.PickleWrapper,io.cucumber.testng.FeatureWrapper)[pri:0, instance:Cucumber.TestNGRunner@5db6b9cd]" name="runScenario" class="io.cucumber.testng.AbstractTestNGCucumberTests"/>
      </group> <!-- cucumber -->
    </groups>
    <test started-at="2024-02-27T22:31:30 IST" name="Default test" finished-at="2024-02-27T22:31:39 IST" duration-ms="8231">
      <class name="Cucumber.TestNGRunner">
        <test-method is-config="true" signature="setUpClass(org.testng.ITestContext)[pri:0, instance:Cucumber.TestNGRunner@5db6b9cd]" started-at="2024-02-27T22:31:30 IST" name="setUpClass" finished-at="2024-02-27T22:31:31 IST" duration-ms="384" status="PASS">
          <params>
            <param index="0">
              <value>
                <![CDATA[org.testng.TestRunner@77a074b4]]>
              </value>
            </param>
          </params>
          <reporter-output>
          </reporter-output>
        </test-method> <!-- setUpClass -->
        <test-method signature="runScenario(io.cucumber.testng.PickleWrapper,io.cucumber.testng.FeatureWrapper)[pri:0, instance:Cucumber.TestNGRunner@5db6b9cd]" started-at="2024-02-27T22:31:31 IST" name="runScenario" description="Runs Cucumber Scenarios" data-provider="scenarios" finished-at="2024-02-27T22:31:38 IST" duration-ms="7767" status="PASS">
          <params>
            <param index="0">
              <value>
                <![CDATA["Positive Test of submitting the order"]]>
              </value>
            </param>
            <param index="1">
              <value>
                <![CDATA["Purchasing the order from Ecommerce Website"]]>
              </value>
            </param>
          </params>
          <reporter-output>
          </reporter-output>
        </test-method> <!-- runScenario -->
        <test-method is-config="true" signature="tearDownClass()[pri:0, instance:Cucumber.TestNGRunner@5db6b9cd]" started-at="2024-02-27T22:31:38 IST" name="tearDownClass" finished-at="2024-02-27T22:31:39 IST" duration-ms="39" status="PASS">
          <reporter-output>
          </reporter-output>
        </test-method> <!-- tearDownClass -->
      </class> <!-- Cucumber.TestNGRunner -->
    </test> <!-- Default test -->
  </suite> <!-- Default suite -->
</testng-results>
